<?xml version="1.0" encoding="UTF-8"?>
<!-- Generated by org.testng.reporters.JUnitReportReporter -->
<testsuite hostname="Desktop-Monitor-1st-Floor-Room3" failures="0" tests="1" name="com.crm.testscript.CampaignModule" time="0.008" errors="0" timestamp="2024-12-23T09:03:04 IST" skipped="0">
  <testcase classname="com.crm.testscript.CampaignModule" name="createCampaign" time="0.008">
    <system-out>
      <![CDATA[createCampaign]]>
    </system-out>
  </testcase> <!-- createCampaign -->
  <system-out>
    <![CDATA[createCampaign]]>
  </system-out>
</testsuite> <!-- com.crm.testscript.CampaignModule -->
